{"level":"info","message":"SystemStartup: Log Level is: info","timestamp":"2016-11-28T16:47:00.490Z"}
{"level":"info","message":"System[M]: 1 workers spawned. Listening for disconnects.","timestamp":"2016-11-28T16:47:01.172Z"}
{"level":"info","message":"SystemStartup: Log Level is: info","timestamp":"2016-11-28T16:47:01.423Z"}
{"level":"error","message":"System[1]: uncaught Exception detected : Error: MongoError: could not authenticate - mongodb://heroku_td9mdp69:vl3o3hsj6e61ib7kiaul0vsjrd@ds139725.mlab.com:39725/ATLAS?\nIs your instance running?\n    at /Users/clxxxii/Documents/dev/atlas/include/dao/db_manager.js:114:31\n    at /Users/clxxxii/Documents/dev/atlas/node_modules/mongodb/lib/mongo_client.js:395:15\n    at _combinedTickCallback (internal/process/next_tick.js:67:7)\n    at process._tickDomainCallback (internal/process/next_tick.js:122:9)","timestamp":"2016-11-28T16:47:03.608Z"}
{"level":"info","message":"SystemStartup: Log Level is: info","timestamp":"2016-11-28T16:47:03.869Z"}
{"level":"error","message":"System[2]: uncaught Exception detected : Error: MongoError: could not authenticate - mongodb://heroku_td9mdp69:vl3o3hsj6e61ib7kiaul0vsjrd@ds139725.mlab.com:39725/ATLAS?\nIs your instance running?\n    at /Users/clxxxii/Documents/dev/atlas/include/dao/db_manager.js:114:31\n    at /Users/clxxxii/Documents/dev/atlas/node_modules/mongodb/lib/mongo_client.js:395:15\n    at _combinedTickCallback (internal/process/next_tick.js:67:7)\n    at process._tickDomainCallback (internal/process/next_tick.js:122:9)","timestamp":"2016-11-28T16:47:05.500Z"}
{"level":"info","message":"SystemStartup: Log Level is: info","timestamp":"2016-11-28T16:47:05.761Z"}
{"level":"error","message":"System[3]: uncaught Exception detected : Error: MongoError: could not authenticate - mongodb://heroku_td9mdp69:vl3o3hsj6e61ib7kiaul0vsjrd@ds139725.mlab.com:39725/ATLAS?\nIs your instance running?\n    at /Users/clxxxii/Documents/dev/atlas/include/dao/db_manager.js:114:31\n    at /Users/clxxxii/Documents/dev/atlas/node_modules/mongodb/lib/mongo_client.js:395:15\n    at _combinedTickCallback (internal/process/next_tick.js:67:7)\n    at process._tickDomainCallback (internal/process/next_tick.js:122:9)","timestamp":"2016-11-28T16:47:07.380Z"}
{"level":"info","message":"SystemStartup: Log Level is: info","timestamp":"2016-11-28T16:47:07.649Z"}
{"level":"info","message":"System[4]: Shutdown complete","timestamp":"2016-11-28T16:47:09.149Z"}
{"level":"info","message":"System[M]: Shutdown complete","timestamp":"2016-11-28T16:47:09.151Z"}
{"level":"info","message":"SystemStartup: Log Level is: info","timestamp":"2016-11-28T16:47:17.232Z"}
{"level":"info","message":"System[M]: 1 workers spawned. Listening for disconnects.","timestamp":"2016-11-28T16:47:17.940Z"}
{"level":"info","message":"SystemStartup: Log Level is: info","timestamp":"2016-11-28T16:47:18.184Z"}
{"level":"info","message":"PencilBlue: Ensuring indices...","timestamp":"2016-11-28T16:47:19.505Z"}
{"level":"info","message":"ServerInitializer: HTTP server starting, binding on IP 0.0.0.0 and port: 8080","timestamp":"2016-11-28T16:47:21.597Z"}
{"level":"info","message":"PencilBlue: Ready to run!","timestamp":"2016-11-28T16:47:21.605Z"}
{"level":"info","message":"System[1]: Shutdown complete","timestamp":"2016-11-28T16:47:33.823Z"}
{"level":"info","message":"System[M]: Shutdown complete","timestamp":"2016-11-28T16:47:33.827Z"}
{"level":"info","message":"SystemStartup: Log Level is: info","timestamp":"2016-11-28T16:55:44.330Z"}
{"level":"info","message":"System[M]: 1 workers spawned. Listening for disconnects.","timestamp":"2016-11-28T16:55:45.010Z"}
{"level":"info","message":"SystemStartup: Log Level is: info","timestamp":"2016-11-28T16:55:45.263Z"}
{"level":"info","message":"PencilBlue: Ensuring indices...","timestamp":"2016-11-28T16:55:47.167Z"}
{"level":"info","message":"ServerInitializer: HTTP server starting, binding on IP 0.0.0.0 and port: 8080","timestamp":"2016-11-28T16:55:49.144Z"}
{"level":"info","message":"PencilBlue: Ready to run!","timestamp":"2016-11-28T16:55:49.154Z"}
{"level":"info","message":"System[1]: Shutdown complete","timestamp":"2016-11-28T16:55:52.204Z"}
{"level":"info","message":"System[M]: Shutdown complete","timestamp":"2016-11-28T16:55:52.206Z"}
{"level":"info","message":"SystemStartup: Log Level is: info","timestamp":"2016-12-09T14:45:55.784Z"}
{"level":"info","message":"System[M]: 1 workers spawned. Listening for disconnects.","timestamp":"2016-12-09T14:45:56.578Z"}
{"level":"info","message":"SystemStartup: Log Level is: info","timestamp":"2016-12-09T14:45:56.837Z"}
{"level":"error","message":"System[1]: uncaught Exception detected : Error: MongoError: could not authenticate - mongodb://onlyonelegacy:reactwashere@ds127968.mlab.com:27968/heroku_td9mdp69?\nIs your instance running?\n    at /Users/clxxxii/Documents/dev/_legacy/include/dao/db_manager.js:114:31\n    at /Users/clxxxii/Documents/dev/_legacy/node_modules/mongodb/lib/mongo_client.js:395:15\n    at _combinedTickCallback (internal/process/next_tick.js:67:7)\n    at process._tickDomainCallback (internal/process/next_tick.js:122:9)","timestamp":"2016-12-09T14:45:59.002Z"}
{"level":"info","message":"SystemStartup: Log Level is: info","timestamp":"2016-12-09T14:45:59.267Z"}
{"level":"error","message":"System[2]: uncaught Exception detected : Error: MongoError: could not authenticate - mongodb://onlyonelegacy:reactwashere@ds127968.mlab.com:27968/heroku_td9mdp69?\nIs your instance running?\n    at /Users/clxxxii/Documents/dev/_legacy/include/dao/db_manager.js:114:31\n    at /Users/clxxxii/Documents/dev/_legacy/node_modules/mongodb/lib/mongo_client.js:395:15\n    at _combinedTickCallback (internal/process/next_tick.js:67:7)\n    at process._tickDomainCallback (internal/process/next_tick.js:122:9)","timestamp":"2016-12-09T14:46:00.907Z"}
{"level":"info","message":"SystemStartup: Log Level is: info","timestamp":"2016-12-09T14:46:01.178Z"}
{"level":"error","message":"System[3]: uncaught Exception detected : Error: MongoError: could not authenticate - mongodb://onlyonelegacy:reactwashere@ds127968.mlab.com:27968/heroku_td9mdp69?\nIs your instance running?\n    at /Users/clxxxii/Documents/dev/_legacy/include/dao/db_manager.js:114:31\n    at /Users/clxxxii/Documents/dev/_legacy/node_modules/mongodb/lib/mongo_client.js:395:15\n    at _combinedTickCallback (internal/process/next_tick.js:67:7)\n    at process._tickDomainCallback (internal/process/next_tick.js:122:9)","timestamp":"2016-12-09T14:46:02.818Z"}
{"level":"info","message":"SystemStartup: Log Level is: info","timestamp":"2016-12-09T14:46:03.091Z"}
{"level":"error","message":"System[4]: uncaught Exception detected : Error: MongoError: could not authenticate - mongodb://onlyonelegacy:reactwashere@ds127968.mlab.com:27968/heroku_td9mdp69?\nIs your instance running?\n    at /Users/clxxxii/Documents/dev/_legacy/include/dao/db_manager.js:114:31\n    at /Users/clxxxii/Documents/dev/_legacy/node_modules/mongodb/lib/mongo_client.js:395:15\n    at _combinedTickCallback (internal/process/next_tick.js:67:7)\n    at process._tickDomainCallback (internal/process/next_tick.js:122:9)","timestamp":"2016-12-09T14:46:04.704Z"}
{"level":"info","message":"SystemStartup: Log Level is: info","timestamp":"2016-12-09T14:46:04.977Z"}
{"level":"info","message":"System[5]: Shutdown complete","timestamp":"2016-12-09T14:46:05.958Z"}
{"level":"info","message":"System[M]: Shutdown complete","timestamp":"2016-12-09T14:46:05.959Z"}
{"level":"info","message":"SystemStartup: Log Level is: info","timestamp":"2016-12-09T14:46:24.459Z"}
{"level":"info","message":"System[M]: 1 workers spawned. Listening for disconnects.","timestamp":"2016-12-09T14:46:25.149Z"}
{"level":"info","message":"SystemStartup: Log Level is: info","timestamp":"2016-12-09T14:46:25.408Z"}
{"level":"error","message":"System[1]: uncaught Exception detected : Error: MongoError: could not authenticate - mongodb://onlyonelegacy:reactwashere@ds127968.mlab.com:27968/onlyonelegacy?\nIs your instance running?\n    at /Users/clxxxii/Documents/dev/_legacy/include/dao/db_manager.js:114:31\n    at /Users/clxxxii/Documents/dev/_legacy/node_modules/mongodb/lib/mongo_client.js:395:15\n    at _combinedTickCallback (internal/process/next_tick.js:67:7)\n    at process._tickDomainCallback (internal/process/next_tick.js:122:9)","timestamp":"2016-12-09T14:46:27.300Z"}
{"level":"info","message":"SystemStartup: Log Level is: info","timestamp":"2016-12-09T14:46:27.575Z"}
{"level":"error","message":"System[2]: uncaught Exception detected : Error: MongoError: could not authenticate - mongodb://onlyonelegacy:reactwashere@ds127968.mlab.com:27968/onlyonelegacy?\nIs your instance running?\n    at /Users/clxxxii/Documents/dev/_legacy/include/dao/db_manager.js:114:31\n    at /Users/clxxxii/Documents/dev/_legacy/node_modules/mongodb/lib/mongo_client.js:395:15\n    at _combinedTickCallback (internal/process/next_tick.js:67:7)\n    at process._tickDomainCallback (internal/process/next_tick.js:122:9)","timestamp":"2016-12-09T14:46:29.380Z"}
{"level":"info","message":"SystemStartup: Log Level is: info","timestamp":"2016-12-09T14:46:29.652Z"}
{"level":"error","message":"System[3]: uncaught Exception detected : Error: MongoError: could not authenticate - mongodb://onlyonelegacy:reactwashere@ds127968.mlab.com:27968/onlyonelegacy?\nIs your instance running?\n    at /Users/clxxxii/Documents/dev/_legacy/include/dao/db_manager.js:114:31\n    at /Users/clxxxii/Documents/dev/_legacy/node_modules/mongodb/lib/mongo_client.js:395:15\n    at _combinedTickCallback (internal/process/next_tick.js:67:7)\n    at process._tickDomainCallback (internal/process/next_tick.js:122:9)","timestamp":"2016-12-09T14:46:31.482Z"}
{"level":"info","message":"SystemStartup: Log Level is: info","timestamp":"2016-12-09T14:46:31.760Z"}
{"level":"error","message":"System[4]: uncaught Exception detected : Error: MongoError: could not authenticate - mongodb://onlyonelegacy:reactwashere@ds127968.mlab.com:27968/onlyonelegacy?\nIs your instance running?\n    at /Users/clxxxii/Documents/dev/_legacy/include/dao/db_manager.js:114:31\n    at /Users/clxxxii/Documents/dev/_legacy/node_modules/mongodb/lib/mongo_client.js:395:15\n    at _combinedTickCallback (internal/process/next_tick.js:67:7)\n    at process._tickDomainCallback (internal/process/next_tick.js:122:9)","timestamp":"2016-12-09T14:46:33.669Z"}
{"level":"info","message":"SystemStartup: Log Level is: info","timestamp":"2016-12-09T14:46:33.941Z"}
{"level":"error","message":"System[5]: uncaught Exception detected : Error: MongoError: could not authenticate - mongodb://onlyonelegacy:reactwashere@ds127968.mlab.com:27968/onlyonelegacy?\nIs your instance running?\n    at /Users/clxxxii/Documents/dev/_legacy/include/dao/db_manager.js:114:31\n    at /Users/clxxxii/Documents/dev/_legacy/node_modules/mongodb/lib/mongo_client.js:395:15\n    at _combinedTickCallback (internal/process/next_tick.js:67:7)\n    at process._tickDomainCallback (internal/process/next_tick.js:122:9)","timestamp":"2016-12-09T14:46:35.769Z"}
{"level":"info","message":"System[M]: Shutdown complete","timestamp":"2016-12-09T14:46:35.818Z"}
{"level":"info","message":"SystemStartup: Log Level is: info","timestamp":"2016-12-09T14:51:49.783Z"}
{"level":"info","message":"System[M]: 1 workers spawned. Listening for disconnects.","timestamp":"2016-12-09T14:51:50.487Z"}
{"level":"info","message":"SystemStartup: Log Level is: info","timestamp":"2016-12-09T14:51:50.757Z"}
{"level":"info","message":"PencilBlue: Ensuring indices...","timestamp":"2016-12-09T14:51:52.620Z"}
{"level":"info","message":"ServerInitializer: HTTP server starting, binding on IP 0.0.0.0 and port: 8080","timestamp":"2016-12-09T14:51:55.164Z"}
{"level":"info","message":"PencilBlue: Ready to run!","timestamp":"2016-12-09T14:51:55.171Z"}
{"level":"info","message":"System[1]: Shutdown complete","timestamp":"2016-12-09T14:51:59.660Z"}
{"level":"info","message":"System[M]: Shutdown complete","timestamp":"2016-12-09T14:51:59.662Z"}
{"level":"info","message":"SystemStartup: Log Level is: info","timestamp":"2016-12-09T14:52:47.248Z"}
{"level":"info","message":"System[M]: 1 workers spawned. Listening for disconnects.","timestamp":"2016-12-09T14:52:47.930Z"}
{"level":"info","message":"SystemStartup: Log Level is: info","timestamp":"2016-12-09T14:52:48.184Z"}
{"level":"info","message":"PencilBlue: Ensuring indices...","timestamp":"2016-12-09T14:52:49.510Z"}
{"level":"info","message":"ServerInitializer: HTTP server starting, binding on IP 0.0.0.0 and port: 8080","timestamp":"2016-12-09T14:52:51.414Z"}
{"level":"info","message":"PencilBlue: Ready to run!","timestamp":"2016-12-09T14:52:51.424Z"}
{"level":"info","message":"System[1]: Shutdown complete","timestamp":"2016-12-09T14:52:52.506Z"}
{"level":"info","message":"System[M]: Shutdown complete","timestamp":"2016-12-09T14:52:52.509Z"}
